<?xml version="1.0" encoding="UTF-8"?>
<!-- Generated by org.testng.reporters.JUnitXMLReporter -->
<testsuite ignored="0" hostname="Anup_Kumar" failures="1" tests="1" name="Surefire test" time="0.039" errors="0" timestamp="2024-07-31T12:16:13 IST">
  <testcase classname="cars.Lambo_CarTest" name="isTest" time="0.0">
    <failure type="org.testng.TestNGException" message="
Parameter &amp;apos;browserName&amp;apos; is required by @Test on method isTest but has not been marked @Optional or defined
">
      <![CDATA[org.testng.TestNGException: 
Parameter 'browserName' is required by @Test on method isTest but has not been marked @Optional or defined

at java.base/java.util.ArrayList.forEach(ArrayList.java:1596)
... Removed 31 stack frames]]>
    </failure>
  </testcase> <!-- isTest -->
</testsuite> <!-- Surefire test -->
